<?xml version="1.0" encoding="UTF-8"?>
<testng-results skipped="0" failed="0" ignored="0" total="1" passed="1">
  <reporter-output>
  </reporter-output>
  <suite name="Surefire suite" duration-ms="18" started-at="2019-07-08T17:48:03Z" finished-at="2019-07-08T17:48:03Z">
    <groups>
    </groups>
    <test name="Surefire test" duration-ms="18" started-at="2019-07-08T17:48:03Z" finished-at="2019-07-08T17:48:03Z">
      <class name="quicklearning.MavenProject.AppTest">
        <test-method status="PASS" signature="testApp()[pri:0, instance:testApp(quicklearning.MavenProject.AppTest)]" name="testApp" duration-ms="1" started-at="2019-07-08T17:48:03Z" finished-at="2019-07-08T17:48:03Z">
          <reporter-output>
          </reporter-output>
        </test-method> <!-- testApp -->
      </class> <!-- quicklearning.MavenProject.AppTest -->
    </test> <!-- Surefire test -->
  </suite> <!-- Surefire suite -->
</testng-results>
