<?xml version="1.0" encoding="UTF-8"?>
<!-- Generated by org.testng.reporters.JUnitXMLReporter -->
<testsuite hostname="LAPTOP-HU1V0RVJ" ignored="0" name="Surefire test" tests="6" failures="0" timestamp="08 Jul 2019 17:48:03 GMT" time="0.056" errors="0">
  <testcase name="demo1" time="0.012" classname="quicklearning.MavenProject.AppiumTest"/>
  <testcase name="demo2" time="0.0" classname="quicklearning.MavenProject.AppiumTest"/>
  <testcase name="demo1" time="0.001" classname="quicklearning.MavenProject.RestAssuredAPITest"/>
  <testcase name="demo2" time="0.001" classname="quicklearning.MavenProject.RestAssuredAPITest"/>
  <testcase name="demo1" time="0.0" classname="quicklearning.MavenProject.SeleniumTest"/>
  <testcase name="demo2" time="0.002" classname="quicklearning.MavenProject.SeleniumTest"/>
</testsuite> <!-- Surefire test -->
